2017-04-24 15:27:10 INFO  RestServer:16 - #1: Server starting
2017-04-24 15:27:10 DEBUG log:176 - Logging to org.slf4j.impl.Log4jLoggerAdapter(org.eclipse.jetty.util.log) via org.eclipse.jetty.util.log.Slf4jLog
2017-04-24 15:27:10 INFO  log:186 - Logging initialized @197ms
2017-04-24 15:27:10 DEBUG ContainerLifeCycle:324 - org.eclipse.jetty.server.Server@5387f9e0 added {qtp1349277854{STOPPED,8<=0<=200,i=0,q=0},AUTO}
2017-04-24 15:27:10 DEBUG ContainerLifeCycle:324 - HttpConnectionFactory@5b80350b[HTTP/1.1] added {HttpConfiguration@5d6f64b1{32768/8192,8192/8192,https://:0,[]},POJO}
2017-04-24 15:27:10 DEBUG ContainerLifeCycle:324 - ServerConnector@1b4fb997{null,[]}{0.0.0.0:0} added {org.eclipse.jetty.server.Server@5387f9e0,UNMANAGED}
2017-04-24 15:27:10 DEBUG ContainerLifeCycle:324 - ServerConnector@1b4fb997{null,[]}{0.0.0.0:0} added {qtp1349277854{STOPPED,8<=0<=200,i=0,q=0},AUTO}
2017-04-24 15:27:10 DEBUG ContainerLifeCycle:324 - ServerConnector@1b4fb997{null,[]}{0.0.0.0:0} added {org.eclipse.jetty.util.thread.ScheduledExecutorScheduler@61e4705b,AUTO}
2017-04-24 15:27:10 DEBUG ContainerLifeCycle:324 - ServerConnector@1b4fb997{null,[]}{0.0.0.0:0} added {org.eclipse.jetty.io.ArrayByteBufferPool@deb6432,POJO}
2017-04-24 15:27:10 DEBUG ContainerLifeCycle:324 - ServerConnector@1b4fb997{null,[http/1.1]}{0.0.0.0:0} added {HttpConnectionFactory@5b80350b[HTTP/1.1],AUTO}
2017-04-24 15:27:10 DEBUG ServerConnector:396 - ServerConnector@1b4fb997{HTTP/1.1,[http/1.1]}{0.0.0.0:0} added HttpConnectionFactory@5b80350b[HTTP/1.1]
2017-04-24 15:27:10 DEBUG ContainerLifeCycle:324 - ServerConnector@1b4fb997{HTTP/1.1,[http/1.1]}{0.0.0.0:0} added {org.eclipse.jetty.server.ServerConnector$ServerConnectorManager@20fa23c1,MANAGED}
2017-04-24 15:27:10 DEBUG ContainerLifeCycle:324 - org.eclipse.jetty.server.Server@5387f9e0 added {ServerConnector@1b4fb997{HTTP/1.1,[http/1.1]}{0.0.0.0:5050},AUTO}
2017-04-24 15:27:10 DEBUG ContainerLifeCycle:324 - org.eclipse.jetty.server.session.SessionHandler@311d617d added {org.eclipse.jetty.server.session.HashSessionManager@7c53a9eb,AUTO}
2017-04-24 15:27:10 DEBUG ContainerLifeCycle:324 - o.e.j.w.WebAppContext@ed17bee{/,null,null} added {org.eclipse.jetty.server.session.SessionHandler@311d617d,AUTO}
2017-04-24 15:27:10 DEBUG ContainerLifeCycle:324 - org.eclipse.jetty.security.ConstraintSecurityHandler@e73f9ac added {org.eclipse.jetty.security.DefaultAuthenticatorFactory@61064425,POJO}
2017-04-24 15:27:10 DEBUG ContainerLifeCycle:324 - org.eclipse.jetty.server.session.SessionHandler@311d617d added {org.eclipse.jetty.security.ConstraintSecurityHandler@e73f9ac,AUTO}
2017-04-24 15:27:10 DEBUG ContainerLifeCycle:324 - org.eclipse.jetty.security.ConstraintSecurityHandler@e73f9ac added {org.eclipse.jetty.servlet.ServletHandler@77afea7d,AUTO}
2017-04-24 15:27:10 DEBUG ContainerLifeCycle:324 - o.e.j.w.WebAppContext@ed17bee{/,null,null} added {org.eclipse.jetty.servlet.ErrorPageErrorHandler@161cd475,AUTO}
2017-04-24 15:27:10 DEBUG ContainerLifeCycle:324 - org.eclipse.jetty.server.Server@5387f9e0 added {o.e.j.w.WebAppContext@ed17bee{/,file:///Users/ilariatiddi/LunaWorkspace/robo-capabilities-proj/src/main/webapp/WEB-INF/static,null},AUTO}
2017-04-24 15:27:10 DEBUG AbstractLifeCycle:185 - starting org.eclipse.jetty.server.Server@5387f9e0
2017-04-24 15:27:10 INFO  Server:345 - jetty-9.3.z-SNAPSHOT
2017-04-24 15:27:10 DEBUG AbstractHandler:58 - starting org.eclipse.jetty.server.Server@5387f9e0
2017-04-24 15:27:10 DEBUG AbstractLifeCycle:185 - starting qtp1349277854{STOPPED,8<=0<=200,i=0,q=0}
2017-04-24 15:27:10 DEBUG AbstractLifeCycle:177 - STARTED @318ms qtp1349277854{STARTED,8<=8<=200,i=8,q=0}
2017-04-24 15:27:10 DEBUG AbstractLifeCycle:185 - starting o.e.j.w.WebAppContext@ed17bee{/,file:///Users/ilariatiddi/LunaWorkspace/robo-capabilities-proj/src/main/webapp/WEB-INF/static,null}
2017-04-24 15:27:10 DEBUG WebAppContext:462 - Thread Context classloader WebAppClassLoader=100555887@5fe5c6f
2017-04-24 15:27:10 DEBUG WebAppContext:466 - Parent class loader: sun.misc.Launcher$AppClassLoader@42a57993 
2017-04-24 15:27:10 DEBUG WebAppContext:466 - Parent class loader: sun.misc.Launcher$ExtClassLoader@6979e8cb 
2017-04-24 15:27:10 DEBUG WebAppContext:474 - preConfigure o.e.j.w.WebAppContext@ed17bee{/,file:///Users/ilariatiddi/LunaWorkspace/robo-capabilities-proj/src/main/webapp/WEB-INF/static,null} with org.eclipse.jetty.webapp.WebInfConfiguration@763d9750
2017-04-24 15:27:10 DEBUG WebInfConfiguration:361 - Set temp dir /var/folders/n4/djpncffx2m3c5sdk1gqwrdh80000gp/T/jetty-0.0.0.0-5050-static-_-any-4794531210553150833.dir
2017-04-24 15:27:10 DEBUG WebAppContext:474 - preConfigure o.e.j.w.WebAppContext@ed17bee{/,file:///Users/ilariatiddi/LunaWorkspace/robo-capabilities-proj/src/main/webapp/WEB-INF/static,null} with org.eclipse.jetty.webapp.WebXmlConfiguration@445b84c0
2017-04-24 15:27:10 DEBUG WebDescriptor:266 - jar:file:/Users/ilariatiddi/LunaWorkspace/robo-capabilities-proj/target/robo-capabilities-proj-0.0.1-SNAPSHOT.jar!/org/eclipse/jetty/webapp/webdefault.xml: Calculated metadatacomplete = False with version=3.1
2017-04-24 15:27:10 DEBUG WebDescriptor:266 - file:///Users/ilariatiddi/LunaWorkspace/robo-capabilities-proj/src/main/webapp/WEB-INF/web.xml: Calculated metadatacomplete = NotSet with version=3.0
2017-04-24 15:27:10 DEBUG WebAppContext:474 - preConfigure o.e.j.w.WebAppContext@ed17bee{/,file:///Users/ilariatiddi/LunaWorkspace/robo-capabilities-proj/src/main/webapp/WEB-INF/static,null} with org.eclipse.jetty.webapp.MetaInfConfiguration@26be92ad
2017-04-24 15:27:10 DEBUG MetaInfConfiguration:81 - org.eclipse.jetty.metainf.useCache = true
2017-04-24 15:27:10 DEBUG ContainerLifeCycle:324 - org.eclipse.jetty.server.Server@5387f9e0 added {{},POJO}
2017-04-24 15:27:10 DEBUG ContainerLifeCycle:324 - org.eclipse.jetty.server.Server@5387f9e0 added {{},POJO}
2017-04-24 15:27:10 DEBUG ContainerLifeCycle:324 - org.eclipse.jetty.server.Server@5387f9e0 added {{},POJO}
2017-04-24 15:27:10 DEBUG WebAppContext:474 - preConfigure o.e.j.w.WebAppContext@ed17bee{/,file:///Users/ilariatiddi/LunaWorkspace/robo-capabilities-proj/src/main/webapp/WEB-INF/static,null} with org.eclipse.jetty.webapp.FragmentConfiguration@4c70fda8
2017-04-24 15:27:10 DEBUG WebAppContext:474 - preConfigure o.e.j.w.WebAppContext@ed17bee{/,file:///Users/ilariatiddi/LunaWorkspace/robo-capabilities-proj/src/main/webapp/WEB-INF/static,null} with org.eclipse.jetty.webapp.JettyWebXmlConfiguration@224edc67
2017-04-24 15:27:10 DEBUG PreEncodedHttpField:64 - HttpField encoders loaded: [org.eclipse.jetty.http.Http1FieldPreEncoder@26653222]
2017-04-24 15:27:10 DEBUG WebAppContext:485 - configure o.e.j.w.WebAppContext@ed17bee{/,file:///Users/ilariatiddi/LunaWorkspace/robo-capabilities-proj/src/main/webapp/WEB-INF/static,STARTING} with org.eclipse.jetty.webapp.WebInfConfiguration@763d9750
2017-04-24 15:27:10 DEBUG WebAppContext:485 - configure o.e.j.w.WebAppContext@ed17bee{/,file:///Users/ilariatiddi/LunaWorkspace/robo-capabilities-proj/src/main/webapp/WEB-INF/static,STARTING} with org.eclipse.jetty.webapp.WebXmlConfiguration@445b84c0
2017-04-24 15:27:10 DEBUG WebAppContext:485 - configure o.e.j.w.WebAppContext@ed17bee{/,file:///Users/ilariatiddi/LunaWorkspace/robo-capabilities-proj/src/main/webapp/WEB-INF/static,STARTING} with org.eclipse.jetty.webapp.MetaInfConfiguration@26be92ad
2017-04-24 15:27:10 DEBUG WebAppContext:485 - configure o.e.j.w.WebAppContext@ed17bee{/,file:///Users/ilariatiddi/LunaWorkspace/robo-capabilities-proj/src/main/webapp/WEB-INF/static,STARTING} with org.eclipse.jetty.webapp.FragmentConfiguration@4c70fda8
2017-04-24 15:27:10 DEBUG WebAppContext:485 - configure o.e.j.w.WebAppContext@ed17bee{/,file:///Users/ilariatiddi/LunaWorkspace/robo-capabilities-proj/src/main/webapp/WEB-INF/static,STARTING} with org.eclipse.jetty.webapp.JettyWebXmlConfiguration@224edc67
2017-04-24 15:27:10 DEBUG JettyWebXmlConfiguration:66 - Configuring web-jetty.xml
2017-04-24 15:27:10 DEBUG MetaData:371 - metadata resolve o.e.j.w.WebAppContext@ed17bee{/,file:///Users/ilariatiddi/LunaWorkspace/robo-capabilities-proj/src/main/webapp/WEB-INF/static,STARTING}
2017-04-24 15:27:10 DEBUG WebAppClassLoader:445 - loaded class org.eclipse.jetty.servlet.listener.ELContextCleaner
2017-04-24 15:27:10 DEBUG WebAppClassLoader:475 - loaded class org.eclipse.jetty.servlet.listener.ELContextCleaner from sun.misc.Launcher$AppClassLoader@42a57993
2017-04-24 15:27:10 DEBUG ContainerLifeCycle:324 - org.eclipse.jetty.servlet.ServletHandler@77afea7d added {org.eclipse.jetty.servlet.ListenerHolder@4883b407,AUTO}
2017-04-24 15:27:10 DEBUG WebAppClassLoader:445 - loaded class org.eclipse.jetty.servlet.listener.IntrospectorCleaner
2017-04-24 15:27:10 DEBUG WebAppClassLoader:475 - loaded class org.eclipse.jetty.servlet.listener.IntrospectorCleaner from sun.misc.Launcher$AppClassLoader@42a57993
2017-04-24 15:27:10 DEBUG ContainerLifeCycle:324 - org.eclipse.jetty.servlet.ServletHandler@77afea7d added {org.eclipse.jetty.servlet.ListenerHolder@204f30ec,AUTO}
2017-04-24 15:27:10 DEBUG StandardDescriptorProcessor:1227 - Added mapping [/]=>default 
2017-04-24 15:27:10 INFO  StandardDescriptorProcessor:279 - NO JSP Support for /, did not find org.eclipse.jetty.jsp.JettyJspServlet
2017-04-24 15:27:10 DEBUG StandardDescriptorProcessor:1227 - Added mapping [*.jsp, *.jspf, *.jspx, *.xsp, *.JSP, *.JSPF, *.JSPX, *.XSP]=>jsp 
2017-04-24 15:27:10 DEBUG ContainerLifeCycle:324 - org.eclipse.jetty.servlet.ServletHandler@77afea7d added {default@5c13d641==org.eclipse.jetty.servlet.DefaultServlet,0,false,AUTO}
2017-04-24 15:27:10 DEBUG ContainerLifeCycle:324 - org.eclipse.jetty.servlet.ServletHandler@77afea7d added {jsp@19c47==org.eclipse.jetty.servlet.NoJspServlet,0,false,AUTO}
2017-04-24 15:27:10 DEBUG ContainerLifeCycle:324 - org.eclipse.jetty.servlet.ServletHandler@77afea7d added {[/]=>default,POJO}
2017-04-24 15:27:10 DEBUG ContainerLifeCycle:324 - org.eclipse.jetty.servlet.ServletHandler@77afea7d added {[*.jsp, *.jspf, *.jspx, *.xsp, *.JSP, *.JSPF, *.JSPX, *.XSP]=>jsp,POJO}
2017-04-24 15:27:10 DEBUG StandardDescriptorProcessor:190 - ContextParam: ontoRob-data=./data/tdb
2017-04-24 15:27:10 DEBUG StandardDescriptorProcessor:1227 - Added mapping [/*]=>OntoRob 
2017-04-24 15:27:10 DEBUG WebAppClassLoader:445 - loaded class org.mksmart.ontoRob.server.OntoRobApp
2017-04-24 15:27:10 DEBUG WebAppClassLoader:475 - loaded class org.mksmart.ontoRob.server.OntoRobApp from sun.misc.Launcher$AppClassLoader@42a57993
2017-04-24 15:27:10 DEBUG ContainerLifeCycle:324 - org.eclipse.jetty.servlet.ServletHandler@77afea7d added {org.eclipse.jetty.servlet.ListenerHolder@a7e666,AUTO}
2017-04-24 15:27:10 DEBUG ContainerLifeCycle:324 - org.eclipse.jetty.servlet.ServletHandler@77afea7d added {CORS,AUTO}
2017-04-24 15:27:10 DEBUG ContainerLifeCycle:324 - org.eclipse.jetty.servlet.ServletHandler@77afea7d added {OntoRob@1557baab==org.glassfish.jersey.servlet.ServletContainer,1,false,AUTO}
2017-04-24 15:27:10 DEBUG ContainerLifeCycle:324 - org.eclipse.jetty.servlet.ServletHandler@77afea7d added {[/*]/[]==0=>CORS,POJO}
2017-04-24 15:27:10 DEBUG ContainerLifeCycle:324 - org.eclipse.jetty.servlet.ServletHandler@77afea7d added {[/*]=>OntoRob,POJO}
2017-04-24 15:27:10 DEBUG AbstractHandler:58 - starting o.e.j.w.WebAppContext@ed17bee{/,file:///Users/ilariatiddi/LunaWorkspace/robo-capabilities-proj/src/main/webapp/WEB-INF/static,STARTING}
2017-04-24 15:27:10 DEBUG AbstractLifeCycle:185 - starting org.eclipse.jetty.server.session.SessionHandler@311d617d
2017-04-24 15:27:10 DEBUG AbstractHandler:58 - starting org.eclipse.jetty.server.session.SessionHandler@311d617d
2017-04-24 15:27:10 DEBUG AbstractLifeCycle:185 - starting org.eclipse.jetty.server.session.HashSessionManager@7c53a9eb
2017-04-24 15:27:10 DEBUG ContainerLifeCycle:324 - org.eclipse.jetty.server.session.HashSessionManager@7c53a9eb added {org.eclipse.jetty.util.thread.ScheduledExecutorScheduler@711f39f9,MANAGED}
2017-04-24 15:27:10 DEBUG AbstractLifeCycle:185 - starting org.eclipse.jetty.server.session.HashSessionIdManager@23faf8f2
2017-04-24 15:27:10 DEBUG AbstractLifeCycle:177 - STARTED @526ms org.eclipse.jetty.server.session.HashSessionIdManager@23faf8f2
2017-04-24 15:27:10 DEBUG ContainerLifeCycle:324 - org.eclipse.jetty.server.Server@5387f9e0 added {org.eclipse.jetty.server.session.HashSessionIdManager@23faf8f2,MANAGED}
2017-04-24 15:27:10 DEBUG ContainerLifeCycle:324 - org.eclipse.jetty.server.session.HashSessionManager@7c53a9eb added {org.eclipse.jetty.server.session.HashSessionIdManager@23faf8f2,UNMANAGED}
2017-04-24 15:27:10 DEBUG AbstractLifeCycle:185 - starting org.eclipse.jetty.util.thread.ScheduledExecutorScheduler@711f39f9
2017-04-24 15:27:10 DEBUG AbstractLifeCycle:177 - STARTED @529ms org.eclipse.jetty.util.thread.ScheduledExecutorScheduler@711f39f9
2017-04-24 15:27:10 DEBUG AbstractLifeCycle:177 - STARTED @531ms org.eclipse.jetty.server.session.HashSessionManager@7c53a9eb
2017-04-24 15:27:10 DEBUG AbstractLifeCycle:185 - starting org.eclipse.jetty.security.ConstraintSecurityHandler@e73f9ac
2017-04-24 15:27:10 DEBUG AbstractHandler:58 - starting org.eclipse.jetty.security.ConstraintSecurityHandler@e73f9ac
2017-04-24 15:27:10 DEBUG AbstractLifeCycle:185 - starting org.eclipse.jetty.servlet.ServletHandler@77afea7d
2017-04-24 15:27:10 DEBUG ServletHandler:1510 - Chose path=*.jspx mapped to servlet=jsp from default=true
2017-04-24 15:27:10 DEBUG ServletHandler:1510 - Chose path=*.JSPX mapped to servlet=jsp from default=true
2017-04-24 15:27:10 DEBUG ServletHandler:1510 - Chose path=*.jsp mapped to servlet=jsp from default=true
2017-04-24 15:27:10 DEBUG ServletHandler:1510 - Chose path=*.JSPF mapped to servlet=jsp from default=true
2017-04-24 15:27:10 DEBUG ServletHandler:1510 - Chose path=*.jspf mapped to servlet=jsp from default=true
2017-04-24 15:27:10 DEBUG ServletHandler:1510 - Chose path=*.JSP mapped to servlet=jsp from default=true
2017-04-24 15:27:10 DEBUG ServletHandler:1510 - Chose path=*.xsp mapped to servlet=jsp from default=true
2017-04-24 15:27:10 DEBUG ServletHandler:1510 - Chose path=*.XSP mapped to servlet=jsp from default=true
2017-04-24 15:27:10 DEBUG ServletHandler:1510 - Chose path=/* mapped to servlet=OntoRob from default=false
2017-04-24 15:27:10 DEBUG ServletHandler:1510 - Chose path=/ mapped to servlet=default from default=true
2017-04-24 15:27:10 DEBUG ServletHandler:1531 - filterNameMap={CORS=CORS}
2017-04-24 15:27:10 DEBUG ServletHandler:1532 - pathFilters=[[/*]/[]==0=>CORS]
2017-04-24 15:27:10 DEBUG ServletHandler:1533 - servletFilterMap={}
2017-04-24 15:27:10 DEBUG ServletHandler:1534 - servletPathMap={*.jspx=jsp@19c47==org.eclipse.jetty.servlet.NoJspServlet,0,false, *.JSPX=jsp@19c47==org.eclipse.jetty.servlet.NoJspServlet,0,false, *.jsp=jsp@19c47==org.eclipse.jetty.servlet.NoJspServlet,0,false, *.JSPF=jsp@19c47==org.eclipse.jetty.servlet.NoJspServlet,0,false, *.jspf=jsp@19c47==org.eclipse.jetty.servlet.NoJspServlet,0,false, *.JSP=jsp@19c47==org.eclipse.jetty.servlet.NoJspServlet,0,false, *.xsp=jsp@19c47==org.eclipse.jetty.servlet.NoJspServlet,0,false, *.XSP=jsp@19c47==org.eclipse.jetty.servlet.NoJspServlet,0,false, /*=OntoRob@1557baab==org.glassfish.jersey.servlet.ServletContainer,1,false, /=default@5c13d641==org.eclipse.jetty.servlet.DefaultServlet,0,false}
2017-04-24 15:27:10 DEBUG ServletHandler:1535 - servletNameMap={default=default@5c13d641==org.eclipse.jetty.servlet.DefaultServlet,0,false, jsp=jsp@19c47==org.eclipse.jetty.servlet.NoJspServlet,0,false, OntoRob=OntoRob@1557baab==org.glassfish.jersey.servlet.ServletContainer,1,false}
2017-04-24 15:27:10 DEBUG AbstractHandler:58 - starting org.eclipse.jetty.servlet.ServletHandler@77afea7d
2017-04-24 15:27:10 DEBUG AbstractLifeCycle:185 - starting org.eclipse.jetty.servlet.ListenerHolder@4883b407
2017-04-24 15:27:10 DEBUG AbstractLifeCycle:177 - STARTED @539ms org.eclipse.jetty.servlet.ListenerHolder@4883b407
2017-04-24 15:27:10 DEBUG AbstractLifeCycle:185 - starting org.eclipse.jetty.servlet.ListenerHolder@204f30ec
2017-04-24 15:27:10 DEBUG AbstractLifeCycle:177 - STARTED @539ms org.eclipse.jetty.servlet.ListenerHolder@204f30ec
2017-04-24 15:27:10 DEBUG AbstractLifeCycle:185 - starting org.eclipse.jetty.servlet.ListenerHolder@a7e666
2017-04-24 15:27:10 DEBUG AbstractLifeCycle:177 - STARTED @540ms org.eclipse.jetty.servlet.ListenerHolder@a7e666
2017-04-24 15:27:10 DEBUG AbstractLifeCycle:177 - STARTED @540ms org.eclipse.jetty.servlet.ServletHandler@77afea7d
2017-04-24 15:27:10 DEBUG AbstractLifeCycle:177 - STARTED @540ms org.eclipse.jetty.security.ConstraintSecurityHandler@e73f9ac
2017-04-24 15:27:10 DEBUG AbstractLifeCycle:177 - STARTED @540ms org.eclipse.jetty.server.session.SessionHandler@311d617d
2017-04-24 15:27:10 DEBUG AbstractLifeCycle:185 - starting org.eclipse.jetty.servlet.ErrorPageErrorHandler@161cd475
2017-04-24 15:27:10 DEBUG AbstractHandler:58 - starting org.eclipse.jetty.servlet.ErrorPageErrorHandler@161cd475
2017-04-24 15:27:10 DEBUG AbstractLifeCycle:177 - STARTED @540ms org.eclipse.jetty.servlet.ErrorPageErrorHandler@161cd475
2017-04-24 15:27:10 DEBUG ContextHandler:793 - contextInitialized: javax.servlet.ServletContextEvent[source=ServletContext@o.e.j.w.WebAppContext@ed17bee{/,file:///Users/ilariatiddi/LunaWorkspace/robo-capabilities-proj/src/main/webapp/WEB-INF/static,STARTING}]->org.eclipse.jetty.servlet.listener.ELContextCleaner@17579e0f
2017-04-24 15:27:10 DEBUG ContextHandler:793 - contextInitialized: javax.servlet.ServletContextEvent[source=ServletContext@o.e.j.w.WebAppContext@ed17bee{/,file:///Users/ilariatiddi/LunaWorkspace/robo-capabilities-proj/src/main/webapp/WEB-INF/static,STARTING}]->org.eclipse.jetty.servlet.listener.IntrospectorCleaner@4d41cee
2017-04-24 15:27:10 DEBUG ContextHandler:793 - contextInitialized: javax.servlet.ServletContextEvent[source=ServletContext@o.e.j.w.WebAppContext@ed17bee{/,file:///Users/ilariatiddi/LunaWorkspace/robo-capabilities-proj/src/main/webapp/WEB-INF/static,STARTING}]->org.mksmart.ontoRob.server.OntoRobApp@3712b94
2017-04-24 15:27:10 INFO  OntoRobApp:29 - Loading TDB...
2017-04-24 15:27:10 DEBUG WebAppClassLoader:445 - loaded class org.apache.jena.system.InitJenaCore
2017-04-24 15:27:10 DEBUG WebAppClassLoader:475 - loaded class org.apache.jena.system.InitJenaCore from sun.misc.Launcher$AppClassLoader@42a57993
2017-04-24 15:27:10 DEBUG WebAppClassLoader:445 - loaded class org.apache.jena.tdb.sys.InitTDB
2017-04-24 15:27:10 DEBUG WebAppClassLoader:475 - loaded class org.apache.jena.tdb.sys.InitTDB from sun.misc.Launcher$AppClassLoader@42a57993
2017-04-24 15:27:10 DEBUG WebAppClassLoader:445 - loaded class org.apache.jena.riot.system.InitRIOT
2017-04-24 15:27:10 DEBUG WebAppClassLoader:475 - loaded class org.apache.jena.riot.system.InitRIOT from sun.misc.Launcher$AppClassLoader@42a57993
2017-04-24 15:27:10 DEBUG WebAppClassLoader:445 - loaded class org.apache.jena.sparql.system.InitARQ
2017-04-24 15:27:10 DEBUG WebAppClassLoader:475 - loaded class org.apache.jena.sparql.system.InitARQ from sun.misc.Launcher$AppClassLoader@42a57993
2017-04-24 15:27:10 DEBUG Jena:189 - Jena initialization
2017-04-24 15:27:10 DEBUG WebAppClassLoader:408 - getResource(org/apache/jena/jena-properties.xml)=jar:file:/Users/ilariatiddi/LunaWorkspace/robo-capabilities-proj/target/robo-capabilities-proj-0.0.1-SNAPSHOT.jar!/org/apache/jena/jena-properties.xml
2017-04-24 15:27:10 DEBUG WebAppClassLoader:445 - loaded class org.apache.xerces.jaxp.DocumentBuilderFactoryImpl
2017-04-24 15:27:10 DEBUG WebAppClassLoader:475 - loaded class org.apache.xerces.jaxp.DocumentBuilderFactoryImpl from sun.misc.Launcher$AppClassLoader@42a57993
2017-04-24 15:27:10 DEBUG WebAppClassLoader:445 - loaded class org.apache.xerces.parsers.XIncludeAwareParserConfiguration
2017-04-24 15:27:10 DEBUG WebAppClassLoader:475 - loaded class org.apache.xerces.parsers.XIncludeAwareParserConfiguration from sun.misc.Launcher$AppClassLoader@42a57993
2017-04-24 15:27:10 DEBUG WebAppClassLoader:445 - loaded class org.apache.xerces.impl.dv.dtd.DTDDVFactoryImpl
2017-04-24 15:27:10 DEBUG WebAppClassLoader:475 - loaded class org.apache.xerces.impl.dv.dtd.DTDDVFactoryImpl from sun.misc.Launcher$AppClassLoader@42a57993
2017-04-24 15:27:10 DEBUG FileManager:157 - Add location: LocatorFile
2017-04-24 15:27:10 DEBUG FileManager:157 - Add location: ClassLoaderLocator
2017-04-24 15:27:10 DEBUG LocationMapper:152 - Failed to find configuration: file:location-mapping.rdf;file:location-mapping.n3;file:location-mapping.ttl;file:etc/location-mapping.rdf;file:etc/location-mapping.n3;file:etc/location-mapping.ttl
2017-04-24 15:27:10 DEBUG FileManager:157 - Add location: LocatorFile
2017-04-24 15:27:10 DEBUG FileManager:157 - Add location: LocatorURL
2017-04-24 15:27:10 DEBUG FileManager:157 - Add location: ClassLoaderLocator
2017-04-24 15:27:10 DEBUG JenaIOEnvironment:180 - Failed to find configuration: location-mapping.ttl;location-mapping.rdf;location-mapping.n3;etc/location-mapping.rdf;etc/location-mapping.n3;etc/location-mapping.ttl
2017-04-24 15:27:10 DEBUG WebAppClassLoader:408 - getResource(org/apache/jena/arq/arq-properties.xml)=jar:file:/Users/ilariatiddi/LunaWorkspace/robo-capabilities-proj/target/robo-capabilities-proj-0.0.1-SNAPSHOT.jar!/org/apache/jena/arq/arq-properties.xml
2017-04-24 15:27:10 DEBUG WebAppClassLoader:445 - loaded class org.apache.xerces.parsers.XIncludeAwareParserConfiguration
2017-04-24 15:27:10 DEBUG WebAppClassLoader:475 - loaded class org.apache.xerces.parsers.XIncludeAwareParserConfiguration from sun.misc.Launcher$AppClassLoader@42a57993
2017-04-24 15:27:10 DEBUG WebAppClassLoader:445 - loaded class org.apache.xerces.impl.dv.dtd.DTDDVFactoryImpl
2017-04-24 15:27:10 DEBUG WebAppClassLoader:475 - loaded class org.apache.xerces.impl.dv.dtd.DTDDVFactoryImpl from sun.misc.Launcher$AppClassLoader@42a57993
2017-04-24 15:27:10 DEBUG WebAppClassLoader:445 - loaded class org.apache.xerces.impl.dv.xs.SchemaDVFactoryImpl
2017-04-24 15:27:10 DEBUG WebAppClassLoader:475 - loaded class org.apache.xerces.impl.dv.xs.SchemaDVFactoryImpl from sun.misc.Launcher$AppClassLoader@42a57993
2017-04-24 15:27:10 DEBUG WebAppClassLoader:445 - loaded class org.apache.xerces.impl.dv.xs.SchemaDVFactoryImpl
2017-04-24 15:27:10 DEBUG WebAppClassLoader:475 - loaded class org.apache.xerces.impl.dv.xs.SchemaDVFactoryImpl from sun.misc.Launcher$AppClassLoader@42a57993
2017-04-24 15:27:10 DEBUG WebAppClassLoader:445 - loaded class org.apache.xerces.impl.dv.xs.SchemaDVFactoryImpl
2017-04-24 15:27:10 DEBUG WebAppClassLoader:475 - loaded class org.apache.xerces.impl.dv.xs.SchemaDVFactoryImpl from sun.misc.Launcher$AppClassLoader@42a57993
2017-04-24 15:27:10 DEBUG WebAppClassLoader:445 - loaded class org.apache.xerces.impl.dv.xs.SchemaDVFactoryImpl
2017-04-24 15:27:10 DEBUG WebAppClassLoader:475 - loaded class org.apache.xerces.impl.dv.xs.SchemaDVFactoryImpl from sun.misc.Launcher$AppClassLoader@42a57993
2017-04-24 15:27:10 DEBUG WebAppClassLoader:445 - loaded class org.apache.xerces.impl.dv.xs.SchemaDVFactoryImpl
2017-04-24 15:27:10 DEBUG WebAppClassLoader:475 - loaded class org.apache.xerces.impl.dv.xs.SchemaDVFactoryImpl from sun.misc.Launcher$AppClassLoader@42a57993
2017-04-24 15:27:10 DEBUG WebAppClassLoader:445 - loaded class org.apache.xerces.impl.dv.xs.SchemaDVFactoryImpl
2017-04-24 15:27:10 DEBUG WebAppClassLoader:475 - loaded class org.apache.xerces.impl.dv.xs.SchemaDVFactoryImpl from sun.misc.Launcher$AppClassLoader@42a57993
2017-04-24 15:27:10 DEBUG WebAppClassLoader:445 - loaded class org.apache.xerces.impl.dv.xs.SchemaDVFactoryImpl
2017-04-24 15:27:10 DEBUG WebAppClassLoader:475 - loaded class org.apache.xerces.impl.dv.xs.SchemaDVFactoryImpl from sun.misc.Launcher$AppClassLoader@42a57993
2017-04-24 15:27:10 DEBUG WebAppClassLoader:445 - loaded class org.apache.xerces.impl.dv.xs.SchemaDVFactoryImpl
2017-04-24 15:27:10 DEBUG WebAppClassLoader:475 - loaded class org.apache.xerces.impl.dv.xs.SchemaDVFactoryImpl from sun.misc.Launcher$AppClassLoader@42a57993
2017-04-24 15:27:10 DEBUG WebAppClassLoader:445 - loaded class org.apache.xerces.impl.dv.xs.SchemaDVFactoryImpl
2017-04-24 15:27:10 DEBUG WebAppClassLoader:475 - loaded class org.apache.xerces.impl.dv.xs.SchemaDVFactoryImpl from sun.misc.Launcher$AppClassLoader@42a57993
2017-04-24 15:27:10 DEBUG WebAppClassLoader:445 - loaded class org.apache.xerces.impl.dv.xs.SchemaDVFactoryImpl
2017-04-24 15:27:10 DEBUG WebAppClassLoader:475 - loaded class org.apache.xerces.impl.dv.xs.SchemaDVFactoryImpl from sun.misc.Launcher$AppClassLoader@42a57993
2017-04-24 15:27:10 DEBUG WebAppClassLoader:445 - loaded class org.apache.xerces.impl.dv.xs.SchemaDVFactoryImpl
2017-04-24 15:27:10 DEBUG WebAppClassLoader:475 - loaded class org.apache.xerces.impl.dv.xs.SchemaDVFactoryImpl from sun.misc.Launcher$AppClassLoader@42a57993
2017-04-24 15:27:10 DEBUG WebAppClassLoader:445 - loaded class org.apache.xerces.impl.dv.xs.SchemaDVFactoryImpl
2017-04-24 15:27:10 DEBUG WebAppClassLoader:475 - loaded class org.apache.xerces.impl.dv.xs.SchemaDVFactoryImpl from sun.misc.Launcher$AppClassLoader@42a57993
2017-04-24 15:27:10 DEBUG WebAppClassLoader:445 - loaded class org.apache.xerces.impl.dv.xs.SchemaDVFactoryImpl
2017-04-24 15:27:10 DEBUG WebAppClassLoader:475 - loaded class org.apache.xerces.impl.dv.xs.SchemaDVFactoryImpl from sun.misc.Launcher$AppClassLoader@42a57993
2017-04-24 15:27:10 DEBUG WebAppClassLoader:445 - loaded class org.apache.xerces.impl.dv.xs.SchemaDVFactoryImpl
2017-04-24 15:27:10 DEBUG WebAppClassLoader:475 - loaded class org.apache.xerces.impl.dv.xs.SchemaDVFactoryImpl from sun.misc.Launcher$AppClassLoader@42a57993
2017-04-24 15:27:10 DEBUG WebAppClassLoader:445 - loaded class org.apache.xerces.impl.dv.xs.SchemaDVFactoryImpl
2017-04-24 15:27:10 DEBUG WebAppClassLoader:475 - loaded class org.apache.xerces.impl.dv.xs.SchemaDVFactoryImpl from sun.misc.Launcher$AppClassLoader@42a57993
2017-04-24 15:27:10 DEBUG WebAppClassLoader:445 - loaded class org.apache.xerces.impl.dv.xs.SchemaDVFactoryImpl
2017-04-24 15:27:10 DEBUG WebAppClassLoader:475 - loaded class org.apache.xerces.impl.dv.xs.SchemaDVFactoryImpl from sun.misc.Launcher$AppClassLoader@42a57993
2017-04-24 15:27:10 DEBUG WebAppClassLoader:445 - loaded class org.apache.xerces.impl.dv.xs.SchemaDVFactoryImpl
2017-04-24 15:27:10 DEBUG WebAppClassLoader:475 - loaded class org.apache.xerces.impl.dv.xs.SchemaDVFactoryImpl from sun.misc.Launcher$AppClassLoader@42a57993
2017-04-24 15:27:10 DEBUG WebAppClassLoader:445 - loaded class org.apache.xerces.impl.dv.xs.SchemaDVFactoryImpl
2017-04-24 15:27:10 DEBUG WebAppClassLoader:475 - loaded class org.apache.xerces.impl.dv.xs.SchemaDVFactoryImpl from sun.misc.Launcher$AppClassLoader@42a57993
2017-04-24 15:27:10 DEBUG WebAppClassLoader:445 - loaded class org.apache.xerces.impl.dv.xs.SchemaDVFactoryImpl
2017-04-24 15:27:10 DEBUG WebAppClassLoader:475 - loaded class org.apache.xerces.impl.dv.xs.SchemaDVFactoryImpl from sun.misc.Launcher$AppClassLoader@42a57993
2017-04-24 15:27:10 DEBUG WebAppClassLoader:445 - loaded class org.apache.xerces.impl.dv.xs.SchemaDVFactoryImpl
2017-04-24 15:27:10 DEBUG WebAppClassLoader:475 - loaded class org.apache.xerces.impl.dv.xs.SchemaDVFactoryImpl from sun.misc.Launcher$AppClassLoader@42a57993
2017-04-24 15:27:10 DEBUG WebAppClassLoader:445 - loaded class org.apache.xerces.impl.dv.xs.SchemaDVFactoryImpl
2017-04-24 15:27:10 DEBUG WebAppClassLoader:475 - loaded class org.apache.xerces.impl.dv.xs.SchemaDVFactoryImpl from sun.misc.Launcher$AppClassLoader@42a57993
2017-04-24 15:27:10 DEBUG WebAppClassLoader:445 - loaded class org.apache.xerces.impl.dv.xs.SchemaDVFactoryImpl
2017-04-24 15:27:10 DEBUG WebAppClassLoader:475 - loaded class org.apache.xerces.impl.dv.xs.SchemaDVFactoryImpl from sun.misc.Launcher$AppClassLoader@42a57993
2017-04-24 15:27:10 DEBUG WebAppClassLoader:445 - loaded class org.apache.xerces.impl.dv.xs.SchemaDVFactoryImpl
2017-04-24 15:27:10 DEBUG WebAppClassLoader:475 - loaded class org.apache.xerces.impl.dv.xs.SchemaDVFactoryImpl from sun.misc.Launcher$AppClassLoader@42a57993
2017-04-24 15:27:10 DEBUG WebAppClassLoader:445 - loaded class org.apache.xerces.impl.dv.xs.SchemaDVFactoryImpl
2017-04-24 15:27:10 DEBUG WebAppClassLoader:475 - loaded class org.apache.xerces.impl.dv.xs.SchemaDVFactoryImpl from sun.misc.Launcher$AppClassLoader@42a57993
2017-04-24 15:27:10 DEBUG WebAppClassLoader:445 - loaded class org.apache.xerces.impl.dv.xs.SchemaDVFactoryImpl
2017-04-24 15:27:10 DEBUG WebAppClassLoader:475 - loaded class org.apache.xerces.impl.dv.xs.SchemaDVFactoryImpl from sun.misc.Launcher$AppClassLoader@42a57993
2017-04-24 15:27:10 DEBUG WebAppClassLoader:445 - loaded class org.apache.xerces.impl.dv.xs.SchemaDVFactoryImpl
2017-04-24 15:27:10 DEBUG WebAppClassLoader:475 - loaded class org.apache.xerces.impl.dv.xs.SchemaDVFactoryImpl from sun.misc.Launcher$AppClassLoader@42a57993
2017-04-24 15:27:10 DEBUG WebAppClassLoader:445 - loaded class org.apache.xerces.impl.dv.xs.SchemaDVFactoryImpl
2017-04-24 15:27:10 DEBUG WebAppClassLoader:475 - loaded class org.apache.xerces.impl.dv.xs.SchemaDVFactoryImpl from sun.misc.Launcher$AppClassLoader@42a57993
2017-04-24 15:27:10 DEBUG WebAppClassLoader:445 - loaded class org.apache.xerces.impl.dv.xs.SchemaDVFactoryImpl
2017-04-24 15:27:10 DEBUG WebAppClassLoader:475 - loaded class org.apache.xerces.impl.dv.xs.SchemaDVFactoryImpl from sun.misc.Launcher$AppClassLoader@42a57993
2017-04-24 15:27:10 DEBUG WebAppClassLoader:445 - loaded class org.apache.xerces.impl.dv.xs.SchemaDVFactoryImpl
2017-04-24 15:27:10 DEBUG WebAppClassLoader:475 - loaded class org.apache.xerces.impl.dv.xs.SchemaDVFactoryImpl from sun.misc.Launcher$AppClassLoader@42a57993
2017-04-24 15:27:10 DEBUG WebAppClassLoader:445 - loaded class org.apache.xerces.impl.dv.xs.SchemaDVFactoryImpl
2017-04-24 15:27:10 DEBUG WebAppClassLoader:475 - loaded class org.apache.xerces.impl.dv.xs.SchemaDVFactoryImpl from sun.misc.Launcher$AppClassLoader@42a57993
2017-04-24 15:27:10 DEBUG WebAppClassLoader:445 - loaded class org.apache.xerces.impl.dv.xs.SchemaDVFactoryImpl
2017-04-24 15:27:10 DEBUG WebAppClassLoader:475 - loaded class org.apache.xerces.impl.dv.xs.SchemaDVFactoryImpl from sun.misc.Launcher$AppClassLoader@42a57993
2017-04-24 15:27:10 DEBUG WebAppClassLoader:445 - loaded class org.apache.xerces.impl.dv.xs.SchemaDVFactoryImpl
2017-04-24 15:27:10 DEBUG WebAppClassLoader:475 - loaded class org.apache.xerces.impl.dv.xs.SchemaDVFactoryImpl from sun.misc.Launcher$AppClassLoader@42a57993
2017-04-24 15:27:10 DEBUG WebAppClassLoader:445 - loaded class org.apache.xerces.impl.dv.xs.SchemaDVFactoryImpl
2017-04-24 15:27:10 DEBUG WebAppClassLoader:475 - loaded class org.apache.xerces.impl.dv.xs.SchemaDVFactoryImpl from sun.misc.Launcher$AppClassLoader@42a57993
2017-04-24 15:27:10 DEBUG WebAppClassLoader:445 - loaded class org.apache.xerces.impl.dv.xs.SchemaDVFactoryImpl
2017-04-24 15:27:10 DEBUG WebAppClassLoader:475 - loaded class org.apache.xerces.impl.dv.xs.SchemaDVFactoryImpl from sun.misc.Launcher$AppClassLoader@42a57993
2017-04-24 15:27:10 DEBUG WebAppClassLoader:445 - loaded class org.apache.xerces.impl.dv.xs.SchemaDVFactoryImpl
2017-04-24 15:27:10 DEBUG WebAppClassLoader:475 - loaded class org.apache.xerces.impl.dv.xs.SchemaDVFactoryImpl from sun.misc.Launcher$AppClassLoader@42a57993
2017-04-24 15:27:10 DEBUG WebAppClassLoader:445 - loaded class org.apache.xerces.impl.dv.xs.SchemaDVFactoryImpl
2017-04-24 15:27:10 DEBUG WebAppClassLoader:475 - loaded class org.apache.xerces.impl.dv.xs.SchemaDVFactoryImpl from sun.misc.Launcher$AppClassLoader@42a57993
2017-04-24 15:27:10 DEBUG WebAppClassLoader:445 - loaded class org.apache.xerces.impl.dv.xs.SchemaDVFactoryImpl
2017-04-24 15:27:10 DEBUG WebAppClassLoader:475 - loaded class org.apache.xerces.impl.dv.xs.SchemaDVFactoryImpl from sun.misc.Launcher$AppClassLoader@42a57993
2017-04-24 15:27:10 DEBUG WebAppClassLoader:445 - loaded class org.apache.xerces.impl.dv.xs.SchemaDVFactoryImpl
2017-04-24 15:27:10 DEBUG WebAppClassLoader:475 - loaded class org.apache.xerces.impl.dv.xs.SchemaDVFactoryImpl from sun.misc.Launcher$AppClassLoader@42a57993
2017-04-24 15:27:10 DEBUG WebAppClassLoader:445 - loaded class org.apache.xerces.impl.dv.xs.SchemaDVFactoryImpl
2017-04-24 15:27:10 DEBUG WebAppClassLoader:475 - loaded class org.apache.xerces.impl.dv.xs.SchemaDVFactoryImpl from sun.misc.Launcher$AppClassLoader@42a57993
2017-04-24 15:27:10 DEBUG WebAppClassLoader:445 - loaded class org.apache.xerces.impl.dv.xs.SchemaDVFactoryImpl
2017-04-24 15:27:10 DEBUG WebAppClassLoader:475 - loaded class org.apache.xerces.impl.dv.xs.SchemaDVFactoryImpl from sun.misc.Launcher$AppClassLoader@42a57993
2017-04-24 15:27:10 DEBUG WebAppClassLoader:445 - loaded class org.apache.xerces.impl.dv.xs.SchemaDVFactoryImpl
2017-04-24 15:27:10 DEBUG WebAppClassLoader:475 - loaded class org.apache.xerces.impl.dv.xs.SchemaDVFactoryImpl from sun.misc.Launcher$AppClassLoader@42a57993
2017-04-24 15:27:10 DEBUG WebAppClassLoader:445 - loaded class org.apache.xerces.impl.dv.xs.SchemaDVFactoryImpl
2017-04-24 15:27:10 DEBUG WebAppClassLoader:475 - loaded class org.apache.xerces.impl.dv.xs.SchemaDVFactoryImpl from sun.misc.Launcher$AppClassLoader@42a57993
2017-04-24 15:27:10 DEBUG WebAppClassLoader:445 - loaded class org.apache.xerces.impl.dv.xs.SchemaDVFactoryImpl
2017-04-24 15:27:10 DEBUG WebAppClassLoader:475 - loaded class org.apache.xerces.impl.dv.xs.SchemaDVFactoryImpl from sun.misc.Launcher$AppClassLoader@42a57993
2017-04-24 15:27:10 DEBUG WebAppClassLoader:445 - loaded class org.apache.xerces.impl.dv.xs.SchemaDVFactoryImpl
2017-04-24 15:27:10 DEBUG WebAppClassLoader:475 - loaded class org.apache.xerces.impl.dv.xs.SchemaDVFactoryImpl from sun.misc.Launcher$AppClassLoader@42a57993
2017-04-24 15:27:10 DEBUG info:334 - System architecture: 64 bit
2017-04-24 15:27:10 DEBUG WebAppClassLoader:445 - loaded class org.apache.xerces.impl.dv.xs.SchemaDVFactoryImpl
2017-04-24 15:27:10 DEBUG WebAppClassLoader:475 - loaded class org.apache.xerces.impl.dv.xs.SchemaDVFactoryImpl from sun.misc.Launcher$AppClassLoader@42a57993
2017-04-24 15:27:10 DEBUG WebAppClassLoader:408 - getResource(org/apache/jena/tdb/tdb-properties.xml)=jar:file:/Users/ilariatiddi/LunaWorkspace/robo-capabilities-proj/target/robo-capabilities-proj-0.0.1-SNAPSHOT.jar!/org/apache/jena/tdb/tdb-properties.xml
2017-04-24 15:27:10 DEBUG WebAppClassLoader:445 - loaded class org.apache.xerces.parsers.XIncludeAwareParserConfiguration
2017-04-24 15:27:10 DEBUG WebAppClassLoader:475 - loaded class org.apache.xerces.parsers.XIncludeAwareParserConfiguration from sun.misc.Launcher$AppClassLoader@42a57993
2017-04-24 15:27:10 DEBUG WebAppClassLoader:445 - loaded class org.apache.xerces.impl.dv.dtd.DTDDVFactoryImpl
2017-04-24 15:27:10 DEBUG WebAppClassLoader:475 - loaded class org.apache.xerces.impl.dv.dtd.DTDDVFactoryImpl from sun.misc.Launcher$AppClassLoader@42a57993
2017-04-24 15:27:10 DEBUG StreamManager:93 - open(data/ontoRob3.nt)
2017-04-24 15:27:10 DEBUG StreamManager:112 - Not mapped: data/ontoRob3.nt
2017-04-24 15:27:10 DEBUG StreamManager:142 - Found: data/ontoRob3.nt (LocatorFile)
2017-04-24 15:27:10 DEBUG info:398 - File mode: Mapped
2017-04-24 15:27:10 DEBUG info:160 - Build database: /Users/ilariatiddi/LunaWorkspace/robo-capabilities-proj/data/tdb/
2017-04-24 15:27:10 DEBUG BlockAccessMapped:75 - Segment:8388608  BlockSize=8192  blocksPerSegment=1024
2017-04-24 15:27:10 DEBUG BlockAccessMapped:75 - Segment:8388608  BlockSize=8192  blocksPerSegment=1024
2017-04-24 15:27:10 DEBUG info:215 - Triple table: SPO :: SPO,POS,OSP
2017-04-24 15:27:10 DEBUG BlockAccessMapped:75 - Segment:8388608  BlockSize=8192  blocksPerSegment=1024
2017-04-24 15:27:10 DEBUG BlockAccessMapped:75 - Segment:8388608  BlockSize=8192  blocksPerSegment=1024
2017-04-24 15:27:10 DEBUG BlockAccessMapped:75 - Segment:8388608  BlockSize=8192  blocksPerSegment=1024
2017-04-24 15:27:10 DEBUG BlockAccessMapped:75 - Segment:8388608  BlockSize=8192  blocksPerSegment=1024
2017-04-24 15:27:10 DEBUG BlockAccessMapped:75 - Segment:8388608  BlockSize=8192  blocksPerSegment=1024
2017-04-24 15:27:10 DEBUG BlockAccessMapped:75 - Segment:8388608  BlockSize=8192  blocksPerSegment=1024
2017-04-24 15:27:10 DEBUG info:235 - Quad table: GSPO :: GSPO,GPOS,GOSP,POSG,OSPG,SPOG
2017-04-24 15:27:10 DEBUG BlockAccessMapped:75 - Segment:8388608  BlockSize=8192  blocksPerSegment=1024
2017-04-24 15:27:10 DEBUG BlockAccessMapped:75 - Segment:8388608  BlockSize=8192  blocksPerSegment=1024
2017-04-24 15:27:10 DEBUG BlockAccessMapped:75 - Segment:8388608  BlockSize=8192  blocksPerSegment=1024
2017-04-24 15:27:10 DEBUG BlockAccessMapped:75 - Segment:8388608  BlockSize=8192  blocksPerSegment=1024
2017-04-24 15:27:10 DEBUG BlockAccessMapped:75 - Segment:8388608  BlockSize=8192  blocksPerSegment=1024
2017-04-24 15:27:10 DEBUG BlockAccessMapped:75 - Segment:8388608  BlockSize=8192  blocksPerSegment=1024
2017-04-24 15:27:10 DEBUG BlockAccessMapped:75 - Segment:8388608  BlockSize=8192  blocksPerSegment=1024
2017-04-24 15:27:10 DEBUG BlockAccessMapped:75 - Segment:8388608  BlockSize=8192  blocksPerSegment=1024
2017-04-24 15:27:10 DEBUG BlockAccessMapped:75 - Segment:8388608  BlockSize=8192  blocksPerSegment=1024
2017-04-24 15:27:10 DEBUG BlockAccessMapped:75 - Segment:8388608  BlockSize=8192  blocksPerSegment=1024
2017-04-24 15:27:10 DEBUG BlockAccessMapped:75 - Segment:8388608  BlockSize=8192  blocksPerSegment=1024
2017-04-24 15:27:10 DEBUG BlockAccessMapped:75 - Segment:8388608  BlockSize=8192  blocksPerSegment=1024
2017-04-24 15:27:10 DEBUG BlockAccessMapped:75 - Segment:8388608  BlockSize=8192  blocksPerSegment=1024
2017-04-24 15:27:10 DEBUG BlockAccessMapped:75 - Segment:8388608  BlockSize=8192  blocksPerSegment=1024
2017-04-24 15:27:10 DEBUG BlockAccessMapped:75 - Segment:8388608  BlockSize=8192  blocksPerSegment=1024
2017-04-24 15:27:10 DEBUG BlockAccessMapped:75 - Segment:8388608  BlockSize=8192  blocksPerSegment=1024
2017-04-24 15:27:10 DEBUG info:264 - Prefixes: GPU :: GPU
2017-04-24 15:27:11 DEBUG info:351 - Statistics-based BGP optimizer
2017-04-24 15:27:11 DEBUG LockMRSW:57 - Lock : main
2017-04-24 15:27:11 DEBUG BlockAccessMapped:225 - Segment: 0
2017-04-24 15:27:11 INFO  loader:150 - Load: from input stream -- 2017/04/24 15:27:11 BST
2017-04-24 15:27:11 DEBUG BlockAccessMapped:225 - Segment: 0
2017-04-24 15:27:11 DEBUG BlockAccessMapped:225 - Segment: 0
2017-04-24 15:27:11 DEBUG BlockAccessMapped:225 - Segment: 0
2017-04-24 15:27:11 DEBUG BlockAccessMapped:225 - Segment: 0
2017-04-24 15:27:11 DEBUG BlockAccessMapped:225 - Segment: 0
2017-04-24 15:27:11 INFO  OntoRobApp:39 - All good, loaded.
2017-04-24 15:27:11 DEBUG AbstractLifeCycle:185 - starting CORS
2017-04-24 15:27:11 DEBUG WebAppClassLoader:445 - loaded class com.thetransactioncompany.cors.CORSFilter
2017-04-24 15:27:11 DEBUG WebAppClassLoader:475 - loaded class com.thetransactioncompany.cors.CORSFilter from sun.misc.Launcher$AppClassLoader@42a57993
2017-04-24 15:27:11 DEBUG BaseHolder:97 - Holding class com.thetransactioncompany.cors.CORSFilter from sun.misc.Launcher$AppClassLoader@42a57993
2017-04-24 15:27:11 DEBUG AbstractLifeCycle:177 - STARTED @1315ms CORS
2017-04-24 15:27:11 DEBUG FilterHolder:136 - Filter.init com.thetransactioncompany.cors.CORSFilter@58be6e8
2017-04-24 15:27:11 DEBUG AbstractLifeCycle:185 - starting default@5c13d641==org.eclipse.jetty.servlet.DefaultServlet,0,false
2017-04-24 15:27:11 DEBUG WebAppClassLoader:445 - loaded class org.eclipse.jetty.servlet.DefaultServlet
2017-04-24 15:27:11 DEBUG WebAppClassLoader:475 - loaded class org.eclipse.jetty.servlet.DefaultServlet from sun.misc.Launcher$AppClassLoader@42a57993
2017-04-24 15:27:11 DEBUG BaseHolder:97 - Holding class org.eclipse.jetty.servlet.DefaultServlet from sun.misc.Launcher$AppClassLoader@42a57993
2017-04-24 15:27:11 DEBUG AbstractLifeCycle:177 - STARTED @1322ms default@5c13d641==org.eclipse.jetty.servlet.DefaultServlet,0,false
2017-04-24 15:27:11 DEBUG ServletHolder:620 - Servlet.init org.eclipse.jetty.servlet.DefaultServlet@4b79ac84 for default
2017-04-24 15:27:11 DEBUG DefaultServlet:310 - resource base = null
2017-04-24 15:27:11 DEBUG AbstractLifeCycle:185 - starting jsp@19c47==org.eclipse.jetty.servlet.NoJspServlet,0,false
2017-04-24 15:27:11 DEBUG BaseHolder:97 - Holding class org.eclipse.jetty.servlet.NoJspServlet from sun.misc.Launcher$AppClassLoader@42a57993
2017-04-24 15:27:11 DEBUG AbstractLifeCycle:177 - STARTED @1328ms jsp@19c47==org.eclipse.jetty.servlet.NoJspServlet,0,false
2017-04-24 15:27:11 DEBUG ServletHolder:620 - Servlet.init org.eclipse.jetty.servlet.NoJspServlet@5460cf3a for jsp
2017-04-24 15:27:11 DEBUG AbstractLifeCycle:185 - starting OntoRob@1557baab==org.glassfish.jersey.servlet.ServletContainer,1,false
2017-04-24 15:27:11 DEBUG WebAppClassLoader:445 - loaded class org.glassfish.jersey.servlet.ServletContainer
2017-04-24 15:27:11 DEBUG WebAppClassLoader:475 - loaded class org.glassfish.jersey.servlet.ServletContainer from sun.misc.Launcher$AppClassLoader@42a57993
2017-04-24 15:27:11 DEBUG BaseHolder:97 - Holding class org.glassfish.jersey.servlet.ServletContainer from sun.misc.Launcher$AppClassLoader@42a57993
2017-04-24 15:27:11 DEBUG AbstractLifeCycle:177 - STARTED @1330ms OntoRob@1557baab==org.glassfish.jersey.servlet.ServletContainer,1,false
2017-04-24 15:27:11 DEBUG ServletHolder:620 - Servlet.init org.glassfish.jersey.servlet.ServletContainer@32a68f4f for OntoRob
2017-04-24 15:27:11 DEBUG WebAppClassLoader:445 - loaded class org.mksmart.ontoRob.server.OntoRobApp
2017-04-24 15:27:11 DEBUG WebAppClassLoader:475 - loaded class org.mksmart.ontoRob.server.OntoRobApp from sun.misc.Launcher$AppClassLoader@42a57993
2017-04-24 15:27:11 DEBUG WebAppClassLoader:445 - loaded class org.glassfish.jersey.server.filter.internal.ServerFiltersAutoDiscoverable
2017-04-24 15:27:11 DEBUG WebAppClassLoader:475 - loaded class org.glassfish.jersey.server.filter.internal.ServerFiltersAutoDiscoverable from sun.misc.Launcher$AppClassLoader@42a57993
2017-04-24 15:27:11 DEBUG WebAppClassLoader:445 - loaded class org.glassfish.jersey.servlet.async.AsyncContextDelegateProviderImpl
2017-04-24 15:27:11 DEBUG WebAppClassLoader:475 - loaded class org.glassfish.jersey.servlet.async.AsyncContextDelegateProviderImpl from sun.misc.Launcher$AppClassLoader@42a57993
2017-04-24 15:27:11 DEBUG WebAppClassLoader:445 - loaded class org.mksmart.ontoRob.server.OntoRobServer
2017-04-24 15:27:11 DEBUG WebAppClassLoader:475 - loaded class org.mksmart.ontoRob.server.OntoRobServer from sun.misc.Launcher$AppClassLoader@42a57993
2017-04-24 15:27:12 DEBUG WebAppClassLoader:445 - loaded class org.glassfish.jersey.server.wadl.internal.WadlAutoDiscoverable
2017-04-24 15:27:12 DEBUG WebAppClassLoader:475 - loaded class org.glassfish.jersey.server.wadl.internal.WadlAutoDiscoverable from sun.misc.Launcher$AppClassLoader@42a57993
2017-04-24 15:27:12 DEBUG WebAppClassLoader:445 - loaded class org.glassfish.jersey.server.internal.monitoring.MonitoringAutodiscoverable
2017-04-24 15:27:12 DEBUG WebAppClassLoader:475 - loaded class org.glassfish.jersey.server.internal.monitoring.MonitoringAutodiscoverable from sun.misc.Launcher$AppClassLoader@42a57993
2017-04-24 15:27:12 DEBUG WebAppClassLoader:408 - getResource(META-INF/services/javax.ws.rs.ext.RuntimeDelegate)=jar:file:/Users/ilariatiddi/LunaWorkspace/robo-capabilities-proj/target/robo-capabilities-proj-0.0.1-SNAPSHOT.jar!/META-INF/services/javax.ws.rs.ext.RuntimeDelegate
2017-04-24 15:27:12 DEBUG WebAppClassLoader:445 - loaded class org.glassfish.jersey.server.internal.RuntimeDelegateImpl
2017-04-24 15:27:12 DEBUG WebAppClassLoader:475 - loaded class org.glassfish.jersey.server.internal.RuntimeDelegateImpl from sun.misc.Launcher$AppClassLoader@42a57993
2017-04-24 15:27:12 INFO  ContextHandler:737 - Started o.e.j.w.WebAppContext@ed17bee{/,file:///Users/ilariatiddi/LunaWorkspace/robo-capabilities-proj/src/main/webapp/WEB-INF/static,AVAILABLE}
2017-04-24 15:27:12 DEBUG WebAppContext:496 - postConfigure o.e.j.w.WebAppContext@ed17bee{/,file:///Users/ilariatiddi/LunaWorkspace/robo-capabilities-proj/src/main/webapp/WEB-INF/static,AVAILABLE} with org.eclipse.jetty.webapp.WebInfConfiguration@763d9750
2017-04-24 15:27:12 DEBUG WebAppContext:496 - postConfigure o.e.j.w.WebAppContext@ed17bee{/,file:///Users/ilariatiddi/LunaWorkspace/robo-capabilities-proj/src/main/webapp/WEB-INF/static,AVAILABLE} with org.eclipse.jetty.webapp.WebXmlConfiguration@445b84c0
2017-04-24 15:27:12 DEBUG WebAppContext:496 - postConfigure o.e.j.w.WebAppContext@ed17bee{/,file:///Users/ilariatiddi/LunaWorkspace/robo-capabilities-proj/src/main/webapp/WEB-INF/static,AVAILABLE} with org.eclipse.jetty.webapp.MetaInfConfiguration@26be92ad
2017-04-24 15:27:12 DEBUG WebAppContext:496 - postConfigure o.e.j.w.WebAppContext@ed17bee{/,file:///Users/ilariatiddi/LunaWorkspace/robo-capabilities-proj/src/main/webapp/WEB-INF/static,AVAILABLE} with org.eclipse.jetty.webapp.FragmentConfiguration@4c70fda8
2017-04-24 15:27:12 DEBUG WebAppContext:496 - postConfigure o.e.j.w.WebAppContext@ed17bee{/,file:///Users/ilariatiddi/LunaWorkspace/robo-capabilities-proj/src/main/webapp/WEB-INF/static,AVAILABLE} with org.eclipse.jetty.webapp.JettyWebXmlConfiguration@224edc67
2017-04-24 15:27:12 DEBUG AbstractLifeCycle:177 - STARTED @2304ms o.e.j.w.WebAppContext@ed17bee{/,file:///Users/ilariatiddi/LunaWorkspace/robo-capabilities-proj/src/main/webapp/WEB-INF/static,AVAILABLE}
2017-04-24 15:27:12 DEBUG AbstractLifeCycle:185 - starting ServerConnector@1b4fb997{HTTP/1.1,[http/1.1]}{0.0.0.0:5050}
2017-04-24 15:27:12 DEBUG ContainerLifeCycle:324 - ServerConnector@1b4fb997{HTTP/1.1,[http/1.1]}{0.0.0.0:5050} added {sun.nio.ch.ServerSocketChannelImpl[/0:0:0:0:0:0:0:0:5050],POJO}
2017-04-24 15:27:12 DEBUG AbstractLifeCycle:185 - starting org.eclipse.jetty.util.thread.ScheduledExecutorScheduler@61e4705b
2017-04-24 15:27:12 DEBUG AbstractLifeCycle:177 - STARTED @2318ms org.eclipse.jetty.util.thread.ScheduledExecutorScheduler@61e4705b
2017-04-24 15:27:12 DEBUG AbstractLifeCycle:185 - starting HttpConnectionFactory@5b80350b[HTTP/1.1]
2017-04-24 15:27:12 DEBUG AbstractLifeCycle:177 - STARTED @2319ms HttpConnectionFactory@5b80350b[HTTP/1.1]
2017-04-24 15:27:12 DEBUG AbstractLifeCycle:185 - starting org.eclipse.jetty.server.ServerConnector$ServerConnectorManager@20fa23c1
2017-04-24 15:27:12 DEBUG AbstractLifeCycle:185 - starting org.eclipse.jetty.io.ManagedSelector@53bf7094 id=0 keys=-1 selected=-1
2017-04-24 15:27:12 DEBUG AbstractLifeCycle:177 - STARTED @2327ms org.eclipse.jetty.io.ManagedSelector@53bf7094 id=0 keys=0 selected=0
2017-04-24 15:27:12 DEBUG QueuedThreadPool:373 - queue org.eclipse.jetty.io.ManagedSelector@53bf7094 id=0 keys=0 selected=0
2017-04-24 15:27:12 DEBUG AbstractLifeCycle:185 - starting org.eclipse.jetty.io.ManagedSelector@26f1249d id=1 keys=-1 selected=-1
2017-04-24 15:27:12 DEBUG QueuedThreadPool:571 - run org.eclipse.jetty.io.ManagedSelector@53bf7094 id=0 keys=0 selected=0
2017-04-24 15:27:12 DEBUG AbstractLifeCycle:177 - STARTED @2328ms org.eclipse.jetty.io.ManagedSelector@26f1249d id=1 keys=0 selected=0
2017-04-24 15:27:12 DEBUG ExecuteProduceConsume:66 - EPR Idle/org.eclipse.jetty.io.ManagedSelector$SelectorProducer@2a45d1c3 execute
2017-04-24 15:27:12 DEBUG QueuedThreadPool:373 - queue org.eclipse.jetty.io.ManagedSelector@26f1249d id=1 keys=0 selected=0
2017-04-24 15:27:12 DEBUG ExecuteProduceConsume:132 - EPR Prod/org.eclipse.jetty.io.ManagedSelector$SelectorProducer@2a45d1c3 produce enter
2017-04-24 15:27:12 DEBUG ExecuteProduceConsume:138 - EPR Prod/org.eclipse.jetty.io.ManagedSelector$SelectorProducer@2a45d1c3 producing
2017-04-24 15:27:12 DEBUG AbstractLifeCycle:177 - STARTED @2328ms org.eclipse.jetty.server.ServerConnector$ServerConnectorManager@20fa23c1
2017-04-24 15:27:12 DEBUG ManagedSelector:231 - Selector loop waiting on select
2017-04-24 15:27:12 DEBUG QueuedThreadPool:571 - run org.eclipse.jetty.io.ManagedSelector@26f1249d id=1 keys=0 selected=0
2017-04-24 15:27:12 DEBUG ExecuteProduceConsume:66 - EPR Idle/org.eclipse.jetty.io.ManagedSelector$SelectorProducer@7a070c5b execute
2017-04-24 15:27:12 DEBUG ContainerLifeCycle:324 - ServerConnector@1b4fb997{HTTP/1.1,[http/1.1]}{0.0.0.0:5050} added {acceptor-0@28b576a9,POJO}
2017-04-24 15:27:12 DEBUG ExecuteProduceConsume:132 - EPR Prod/org.eclipse.jetty.io.ManagedSelector$SelectorProducer@7a070c5b produce enter
2017-04-24 15:27:12 DEBUG QueuedThreadPool:373 - queue acceptor-0@28b576a9
2017-04-24 15:27:12 DEBUG ExecuteProduceConsume:138 - EPR Prod/org.eclipse.jetty.io.ManagedSelector$SelectorProducer@7a070c5b producing
2017-04-24 15:27:12 DEBUG ManagedSelector:231 - Selector loop waiting on select
2017-04-24 15:27:12 INFO  ServerConnector:270 - Started ServerConnector@1b4fb997{HTTP/1.1,[http/1.1]}{0.0.0.0:5050}
2017-04-24 15:27:12 DEBUG QueuedThreadPool:571 - run acceptor-0@28b576a9
2017-04-24 15:27:12 DEBUG AbstractLifeCycle:177 - STARTED @2330ms ServerConnector@1b4fb997{HTTP/1.1,[http/1.1]}{0.0.0.0:5050}
2017-04-24 15:27:12 INFO  Server:397 - Started @2331ms
2017-04-24 15:27:12 DEBUG AbstractLifeCycle:177 - STARTED @2331ms org.eclipse.jetty.server.Server@5387f9e0
2017-04-24 15:27:17 DEBUG ManagedSelector:116 - Queued change org.eclipse.jetty.io.ManagedSelector$Accept@116263cb on org.eclipse.jetty.io.ManagedSelector@53bf7094 id=0 keys=0 selected=0
2017-04-24 15:27:17 DEBUG ManagedSelector:234 - Selector loop woken up from select, 0/0 selected
2017-04-24 15:27:17 DEBUG ManagedSelector:214 - Running change org.eclipse.jetty.io.ManagedSelector$Accept@116263cb
2017-04-24 15:27:17 DEBUG ManagedSelector:116 - Queued change org.eclipse.jetty.io.ManagedSelector$CreateEndPoint@590df8f on org.eclipse.jetty.io.ManagedSelector@53bf7094 id=0 keys=1 selected=0
2017-04-24 15:27:17 DEBUG ExecuteProduceConsume:143 - EPR Prod/org.eclipse.jetty.io.ManagedSelector$SelectorProducer@2a45d1c3 produced org.eclipse.jetty.io.ManagedSelector$CreateEndPoint@590df8f
2017-04-24 15:27:17 DEBUG ExecuteProduceConsume:184 - EPR Pend/org.eclipse.jetty.io.ManagedSelector$SelectorProducer@2a45d1c3 dispatch
2017-04-24 15:27:17 DEBUG QueuedThreadPool:373 - queue EPR Pend/org.eclipse.jetty.io.ManagedSelector$SelectorProducer@2a45d1c3
2017-04-24 15:27:17 DEBUG ExecuteProduceConsume:190 - EPR Pend/org.eclipse.jetty.io.ManagedSelector$SelectorProducer@2a45d1c3 run org.eclipse.jetty.io.ManagedSelector$CreateEndPoint@590df8f
2017-04-24 15:27:17 DEBUG QueuedThreadPool:571 - run EPR Pend/org.eclipse.jetty.io.ManagedSelector$SelectorProducer@2a45d1c3
2017-04-24 15:27:17 DEBUG ExecuteProduceConsume:114 - EPR Pend/org.eclipse.jetty.io.ManagedSelector$SelectorProducer@2a45d1c3 run
2017-04-24 15:27:17 DEBUG ExecuteProduceConsume:132 - EPR Prod/org.eclipse.jetty.io.ManagedSelector$SelectorProducer@2a45d1c3 produce enter
2017-04-24 15:27:17 DEBUG ExecuteProduceConsume:138 - EPR Prod/org.eclipse.jetty.io.ManagedSelector$SelectorProducer@2a45d1c3 producing
2017-04-24 15:27:17 DEBUG ManagedSelector:231 - Selector loop waiting on select
2017-04-24 15:27:17 DEBUG AbstractEndPoint:105 - onOpen SelectChannelEndPoint@7577d018{/0:0:0:0:0:0:0:1:50799<->5050,Open,in,out,-,-,2/30000,null}{io=0/0,kio=0,kro=0}
2017-04-24 15:27:17 DEBUG IdleTimeout:156 - SelectChannelEndPoint@7577d018{/0:0:0:0:0:0:0:1:50799<->5050,Open,in,out,-,-,3/30000,null}{io=0/0,kio=0,kro=0} idle timeout check, elapsed: 3 ms, remaining: 29997 ms
2017-04-24 15:27:17 DEBUG HttpChannel:96 - new HttpChannelOverHttp@cd3aee2{r=0,c=false,a=IDLE,uri=-} -> SelectChannelEndPoint@7577d018{/0:0:0:0:0:0:0:1:50799<->5050,Open,in,out,-,-,27/30000,null}{io=0/0,kio=0,kro=0},null,HttpChannelState@48606394{s=IDLE a=null i=true r=!P!U w=false}
2017-04-24 15:27:17 DEBUG HttpConnection:104 - New HTTP Connection HttpConnection@46e8dbd0<--null
2017-04-24 15:27:17 DEBUG AbstractConnection:169 - onOpen HttpConnection@46e8dbd0<--null
2017-04-24 15:27:17 DEBUG AbstractConnection:115 - fillInterested HttpConnection@46e8dbd0<--null
2017-04-24 15:27:17 DEBUG FillInterest:63 - FillInterest@2d5c5a26{true,AC.ReadCB@46e8dbd0{HttpConnection@46e8dbd0<--null}} register AC.ReadCB@46e8dbd0{HttpConnection@46e8dbd0<--null}
2017-04-24 15:27:17 DEBUG FillInterest:77 - FillInterest@2d5c5a26{true,AC.ReadCB@46e8dbd0{HttpConnection@46e8dbd0<--null}} register AC.ReadCB@46e8dbd0{HttpConnection@46e8dbd0<--null}
2017-04-24 15:27:17 DEBUG SelectChannelEndPoint:167 - changeInterests p=false 0->1 for SelectChannelEndPoint@7577d018{/0:0:0:0:0:0:0:1:50799<->5050,Open,in,out,R,-,1/30000,HttpConnection}{io=0/1,kio=0,kro=0}
2017-04-24 15:27:17 DEBUG ManagedSelector:116 - Queued change org.eclipse.jetty.io.SelectChannelEndPoint$1@2dea2206 on org.eclipse.jetty.io.ManagedSelector@53bf7094 id=0 keys=1 selected=0
2017-04-24 15:27:17 DEBUG ManagedSelector:234 - Selector loop woken up from select, 0/1 selected
2017-04-24 15:27:17 DEBUG ManagedSelector:214 - Running change org.eclipse.jetty.io.SelectChannelEndPoint$1@2dea2206
2017-04-24 15:27:17 DEBUG ManagedSelector:417 - Created SelectChannelEndPoint@7577d018{/0:0:0:0:0:0:0:1:50799<->5050,Open,in,out,R,-,1/30000,HttpConnection}{io=0/1,kio=0,kro=0}
2017-04-24 15:27:17 DEBUG ExecuteProduceConsume:193 - EPR Prod/org.eclipse.jetty.io.ManagedSelector$SelectorProducer@2a45d1c3 ran org.eclipse.jetty.io.ManagedSelector$CreateEndPoint@590df8f
2017-04-24 15:27:17 DEBUG ExecuteProduceConsume:206 - EPR Prod/org.eclipse.jetty.io.ManagedSelector$SelectorProducer@2a45d1c3 produce exit
2017-04-24 15:27:17 DEBUG SelectChannelEndPoint:133 - Key interests updated 0 -> 1 on SelectChannelEndPoint@7577d018{/0:0:0:0:0:0:0:1:50799<->5050,Open,in,out,R,-,2/30000,HttpConnection}{io=1/1,kio=1,kro=0}
2017-04-24 15:27:17 DEBUG QueuedThreadPool:574 - ran org.eclipse.jetty.io.ManagedSelector@53bf7094 id=0 keys=1 selected=0
2017-04-24 15:27:17 DEBUG ManagedSelector:231 - Selector loop waiting on select
2017-04-24 15:27:17 DEBUG ManagedSelector:234 - Selector loop woken up from select, 1/1 selected
2017-04-24 15:27:17 DEBUG SelectChannelEndPoint:101 - onSelected 1->0 for SelectChannelEndPoint@7577d018{/0:0:0:0:0:0:0:1:50799<->5050,Open,in,out,R,-,3/30000,HttpConnection}{io=1/0,kio=1,kro=1}
2017-04-24 15:27:17 DEBUG ExecuteProduceConsume:143 - EPR Prod/org.eclipse.jetty.io.ManagedSelector$SelectorProducer@2a45d1c3 produced org.eclipse.jetty.io.SelectChannelEndPoint$2@291b000b
2017-04-24 15:27:17 DEBUG ExecuteProduceConsume:184 - EPR Pend/org.eclipse.jetty.io.ManagedSelector$SelectorProducer@2a45d1c3 dispatch
2017-04-24 15:27:17 DEBUG QueuedThreadPool:373 - queue EPR Pend/org.eclipse.jetty.io.ManagedSelector$SelectorProducer@2a45d1c3
2017-04-24 15:27:17 DEBUG ExecuteProduceConsume:190 - EPR Pend/org.eclipse.jetty.io.ManagedSelector$SelectorProducer@2a45d1c3 run org.eclipse.jetty.io.SelectChannelEndPoint$2@291b000b
2017-04-24 15:27:17 DEBUG QueuedThreadPool:571 - run EPR Pend/org.eclipse.jetty.io.ManagedSelector$SelectorProducer@2a45d1c3
2017-04-24 15:27:17 DEBUG FillInterest:93 - FillInterest@2d5c5a26{true,AC.ReadCB@46e8dbd0{HttpConnection@46e8dbd0<--null}} fillable AC.ReadCB@46e8dbd0{HttpConnection@46e8dbd0<--null}
2017-04-24 15:27:17 DEBUG ExecuteProduceConsume:114 - EPR Pend/org.eclipse.jetty.io.ManagedSelector$SelectorProducer@2a45d1c3 run
2017-04-24 15:27:17 DEBUG ExecuteProduceConsume:132 - EPR Prod/org.eclipse.jetty.io.ManagedSelector$SelectorProducer@2a45d1c3 produce enter
2017-04-24 15:27:17 DEBUG HttpConnection:215 - HttpConnection@46e8dbd0<--null onFillable enter HttpChannelState@48606394{s=IDLE a=null i=true r=!P!U w=false}
2017-04-24 15:27:17 DEBUG ExecuteProduceConsume:138 - EPR Prod/org.eclipse.jetty.io.ManagedSelector$SelectorProducer@2a45d1c3 producing
2017-04-24 15:27:17 DEBUG ChannelEndPoint:150 - filled 186 SelectChannelEndPoint@7577d018{/0:0:0:0:0:0:0:1:50799<->5050,Open,in,out,-,-,4/30000,HttpConnection}{io=0/0,kio=0,kro=1}
2017-04-24 15:27:17 DEBUG SelectChannelEndPoint:133 - Key interests updated 1 -> 0 on SelectChannelEndPoint@7577d018{/0:0:0:0:0:0:0:1:50799<->5050,Open,in,out,-,-,4/30000,HttpConnection}{io=0/0,kio=0,kro=1}
2017-04-24 15:27:17 DEBUG ManagedSelector:231 - Selector loop waiting on select
2017-04-24 15:27:17 DEBUG HttpConnection:324 - HttpConnection@46e8dbd0<--HeapByteBuffer@27dceb58[p=0,l=186,c=8192,r=186]={<<<GET /onto-rob-ser...Accept: */*\r\n\r\n>>>\x00\x00\x00\x00\x00\x00\x00\x00\x00\x00\x00\x00\x00\x00\x00\x00\x00...\x00\x00\x00\x00\x00\x00\x00\x00\x00\x00\x00\x00\x00\x00\x00} filled 186
2017-04-24 15:27:17 DEBUG HttpConnection:341 - HttpConnection@46e8dbd0<--HeapByteBuffer@27dceb58[p=0,l=186,c=8192,r=186]={<<<GET /onto-rob-ser...Accept: */*\r\n\r\n>>>\x00\x00\x00\x00\x00\x00\x00\x00\x00\x00\x00\x00\x00\x00\x00\x00\x00...\x00\x00\x00\x00\x00\x00\x00\x00\x00\x00\x00\x00\x00\x00\x00} parse HeapByteBuffer@27dceb58[p=0,l=186,c=8192,r=186]={<<<GET /onto-rob-ser...Accept: */*\r\n\r\n>>>\x00\x00\x00\x00\x00\x00\x00\x00\x00\x00\x00\x00\x00\x00\x00\x00\x00...\x00\x00\x00\x00\x00\x00\x00\x00\x00\x00\x00\x00\x00\x00\x00} {}
2017-04-24 15:27:17 DEBUG HttpParser:1163 - parseNext s=START HeapByteBuffer@27dceb58[p=0,l=186,c=8192,r=186]={<<<GET /onto-rob-ser...Accept: */*\r\n\r\n>>>\x00\x00\x00\x00\x00\x00\x00\x00\x00\x00\x00\x00\x00\x00\x00\x00\x00...\x00\x00\x00\x00\x00\x00\x00\x00\x00\x00\x00\x00\x00\x00\x00}
2017-04-24 15:27:17 DEBUG HttpParser:1542 - START --> SPACE1
2017-04-24 15:27:17 DEBUG HttpParser:1542 - SPACE1 --> URI
2017-04-24 15:27:17 DEBUG HttpParser:1542 - URI --> SPACE2
2017-04-24 15:27:17 DEBUG HttpParser:1542 - SPACE2 --> REQUEST_VERSION
2017-04-24 15:27:17 DEBUG HttpParser:1542 - REQUEST_VERSION --> HEADER
2017-04-24 15:27:17 DEBUG HttpParser:1542 - HEADER --> HEADER_VALUE
2017-04-24 15:27:17 DEBUG HttpParser:1542 - HEADER_VALUE --> HEADER_IN_VALUE
2017-04-24 15:27:17 DEBUG HttpParser:1542 - HEADER_IN_VALUE --> HEADER
2017-04-24 15:27:17 DEBUG HttpParser:1542 - HEADER --> HEADER_VALUE
2017-04-24 15:27:17 DEBUG HttpParser:1542 - HEADER_VALUE --> HEADER_IN_VALUE
2017-04-24 15:27:17 DEBUG HttpParser:1542 - HEADER_IN_VALUE --> HEADER
2017-04-24 15:27:17 DEBUG HttpParser:1542 - HEADER --> HEADER_IN_VALUE
2017-04-24 15:27:17 DEBUG HttpParser:1542 - HEADER_IN_VALUE --> HEADER
2017-04-24 15:27:17 DEBUG HttpParser:1542 - HEADER --> END
2017-04-24 15:27:17 DEBUG HttpChannel:531 - HttpChannelOverHttp@cd3aee2{r=1,c=false,a=IDLE,uri=-} onRequestComplete
2017-04-24 15:27:17 DEBUG HttpInput:363 - org.eclipse.jetty.server.HttpInputOverHTTP@49d366f3 addContent EOF
2017-04-24 15:27:17 DEBUG HttpConnection:346 - HttpConnection@46e8dbd0<--HeapByteBuffer@27dceb58[p=186,l=186,c=8192,r=0]={GET /onto-rob-ser...Accept: */*\r\n\r\n<<<>>>\x00\x00\x00\x00\x00\x00\x00\x00\x00\x00\x00\x00\x00\x00\x00\x00\x00...\x00\x00\x00\x00\x00\x00\x00\x00\x00\x00\x00\x00\x00\x00\x00} parsed true HttpParser{s=END,0 of 0}
2017-04-24 15:27:17 DEBUG HttpConnection:192 - releaseRequestBuffer HttpConnection@46e8dbd0<--HeapByteBuffer@27dceb58[p=186,l=186,c=8192,r=0]={GET /onto-rob-ser...Accept: */*\r\n\r\n<<<>>>\x00\x00\x00\x00\x00\x00\x00\x00\x00\x00\x00\x00\x00\x00\x00\x00\x00...\x00\x00\x00\x00\x00\x00\x00\x00\x00\x00\x00\x00\x00\x00\x00}
2017-04-24 15:27:17 DEBUG HttpChannel:259 - HttpChannelOverHttp@cd3aee2{r=1,c=false,a=IDLE,uri=-} handle //localhost:5050/onto-rob-server/capabilities?jsonString=[{"node":"/stageros","topic":"/odom","message":"nav_msgs/Odometry"}] 
2017-04-24 15:27:17 DEBUG HttpChannelState:177 - HttpChannelState@48606394{s=IDLE a=null i=true r=!P!U w=false} handling IDLE
2017-04-24 15:27:17 DEBUG HttpChannel:274 - HttpChannelOverHttp@cd3aee2{r=1,c=false,a=DISPATCHED,uri=/onto-rob-server/capabilities} action REQUEST_DISPATCH
2017-04-24 15:27:17 DEBUG Server:504 - REQUEST on HttpChannelOverHttp@cd3aee2{r=1,c=false,a=DISPATCHED,uri=/onto-rob-server/capabilities}
GET //localhost:5050/onto-rob-server/capabilities?jsonString=[{"node":"/stageros","topic":"/odom","message":"nav_msgs/Odometry"}]
User-Agent: curl/7.38.0
Host: localhost:5050
Accept: */*


2017-04-24 15:27:17 DEBUG ContextHandler:975 - scope null||/onto-rob-server/capabilities @ o.e.j.w.WebAppContext@ed17bee{/,file:///Users/ilariatiddi/LunaWorkspace/robo-capabilities-proj/src/main/webapp/WEB-INF/static,AVAILABLE}
2017-04-24 15:27:17 DEBUG ContextHandler:1049 - context=||/onto-rob-server/capabilities @ o.e.j.w.WebAppContext@ed17bee{/,file:///Users/ilariatiddi/LunaWorkspace/robo-capabilities-proj/src/main/webapp/WEB-INF/static,AVAILABLE}
2017-04-24 15:27:17 DEBUG session:179 - sessionManager=org.eclipse.jetty.server.session.HashSessionManager@7c53a9eb
2017-04-24 15:27:17 DEBUG session:180 - session=null
2017-04-24 15:27:17 DEBUG ServletHandler:497 - servlet ||/onto-rob-server/capabilities -> OntoRob@1557baab==org.glassfish.jersey.servlet.ServletContainer,1,true
2017-04-24 15:27:17 DEBUG ServletHandler:560 - chain=CORS->OntoRob@1557baab==org.glassfish.jersey.servlet.ServletContainer,1,true
2017-04-24 15:27:17 DEBUG ServletHandler:1656 - call filter CORS
2017-04-24 15:27:17 DEBUG ServletHandler:1683 - call servlet OntoRob@1557baab==org.glassfish.jersey.servlet.ServletContainer,1,true
2017-04-24 15:27:17 DEBUG CompiledPath:47 - Evaluating path: $.length()
2017-04-24 15:27:17 DEBUG CompiledPath:47 - Evaluating path: $[0]['node']
2017-04-24 15:27:17 DEBUG CompiledPath:47 - Evaluating path: $[0]['topic']
2017-04-24 15:27:17 DEBUG CompiledPath:47 - Evaluating path: $[0]['message']
2017-04-24 15:27:17 INFO  OntoRobServer:120 - For component /stageros::/odom, query : SELECT ?capa WHERE { VALUES(?res) { (<http://data.open.ac.uk/kmi/ontoRob/resource/Odometry>) } ?capa <http://data.open.ac.uk/kmi/ontoRob/property/isEvokedBy> ?res  }
2017-04-24 15:27:17 DEBUG TDB:685 - Txn[1]/R: begin$
2017-04-24 15:27:17 DEBUG info:215 - Triple table: SPO :: SPO,POS,OSP
2017-04-24 15:27:17 DEBUG info:235 - Quad table: GSPO :: GSPO,GPOS,GOSP,POSG,OSPG,SPOG
2017-04-24 15:27:17 DEBUG info:264 - Prefixes: GPU :: GPU
2017-04-24 15:27:17 DEBUG LockMRSW:57 - Lock : qtp1349277854-10
2017-04-24 15:27:17 DEBUG TDB:685 - Txn[1]/R: start
2017-04-24 15:27:17 DEBUG LockMRSW:88 - qtp1349277854-10 >> enterCS: Thread R/W: 0/0 :: Model R/W: 0/0 (thread: qtp1349277854-10)
2017-04-24 15:27:17 DEBUG LockMRSW:128 - qtp1349277854-10 << enterCS: Thread R/W: 1/0 :: Model R/W: 1/0 (thread: qtp1349277854-10)
2017-04-24 15:27:17 DEBUG BlockAccessMapped:225 - Segment: 0
2017-04-24 15:27:17 DEBUG BlockAccessMapped:225 - Segment: 0
2017-04-24 15:27:17 DEBUG BlockAccessMapped:225 - Segment: 0
2017-04-24 15:27:17 DEBUG BlockAccessMapped:225 - Segment: 0
2017-04-24 15:27:17 DEBUG TDB:685 - Txn[1]/R: finish
2017-04-24 15:27:17 DEBUG LockMRSW:143 - qtp1349277854-10 >> leaveCS: Thread R/W: 1/0 :: Model R/W: 1/0 (thread: qtp1349277854-10)
2017-04-24 15:27:17 DEBUG LockMRSW:176 - qtp1349277854-10 << leaveCS: Thread R/W: 0/0 :: Model R/W: 0/0 (thread: qtp1349277854-10)
2017-04-24 15:27:17 INFO  OntoRobServer:151 - Response for '/stageros::/odom': [{capabilities:["http://data.open.ac.uk/kmi/ontoRob#Directional_Mvt","http://data.open.ac.uk/kmi/ontoRob#Navigation_Mvt"],name:"/stageros::/odom"}]
2017-04-24 15:27:17 DEBUG HttpChannel:631 - Commit HTTP/1.1{s=200,h=3} to HttpChannelOverHttp@cd3aee2{r=1,c=true,a=DISPATCHED,uri=/onto-rob-server/capabilities}
2017-04-24 15:27:17 DEBUG HttpConnection:623 - org.eclipse.jetty.server.HttpConnection$SendCallback@7e537de0[PROCESSING][i=HTTP/1.1{s=200,h=3},cb=org.eclipse.jetty.server.HttpChannel$CommitCallback@20fd4f9a] generate: NEED_HEADER (null,[p=0,l=162,c=8192,r=162],true)@START
2017-04-24 15:27:17 DEBUG HttpConnection:623 - org.eclipse.jetty.server.HttpConnection$SendCallback@7e537de0[PROCESSING][i=HTTP/1.1{s=200,h=3},cb=org.eclipse.jetty.server.HttpChannel$CommitCallback@20fd4f9a] generate: FLUSH ([p=0,l=140,c=8192,r=140],[p=0,l=162,c=8192,r=162],true)@COMPLETING
2017-04-24 15:27:17 DEBUG WriteFlusher:295 - write: WriteFlusher@59343b4{IDLE} [HeapByteBuffer@27dceb58[p=0,l=140,c=8192,r=140]={<<<HTTP/1.1 200 OK\r\n...z-SNAPSHOT)\r\n\r\n>>>/7.38.0\r\nHost: lo...\x00\x00\x00\x00\x00\x00\x00\x00\x00\x00\x00\x00\x00\x00\x00},HeapByteBuffer@6a48db3[p=0,l=162,c=8192,r=162]={<<<[{"capabilities":...ros::\\/odom"}]\n>>>\x00\x00\x00\x00\x00\x00\x00\x00\x00\x00\x00\x00\x00\x00\x00\x00\x00...\x00\x00\x00\x00\x00\x00\x00\x00\x00\x00\x00\x00\x00\x00\x00}]
2017-04-24 15:27:17 DEBUG WriteFlusher:117 - update WriteFlusher@59343b4{WRITING}:IDLE-->WRITING
2017-04-24 15:27:17 DEBUG ChannelEndPoint:196 - flushed 302 SelectChannelEndPoint@7577d018{/0:0:0:0:0:0:0:1:50799<->5050,Open,in,out,-,W,251/30000,HttpConnection}{io=0/0,kio=0,kro=1}
2017-04-24 15:27:17 DEBUG WriteFlusher:412 - Flushed=true 140/140+1 WriteFlusher@59343b4{WRITING}
2017-04-24 15:27:17 DEBUG WriteFlusher:117 - update WriteFlusher@59343b4{IDLE}:WRITING-->IDLE
2017-04-24 15:27:17 DEBUG HttpConnection:623 - org.eclipse.jetty.server.HttpConnection$SendCallback@7e537de0[PROCESSING][i=HTTP/1.1{s=200,h=3},cb=org.eclipse.jetty.server.HttpChannel$CommitCallback@20fd4f9a] generate: DONE ([p=140,l=140,c=8192,r=0],[p=162,l=162,c=8192,r=0],true)@END
2017-04-24 15:27:17 DEBUG Server:518 - RESPONSE for /onto-rob-server/capabilities h=true
200 OK
Date: Mon, 24 Apr 2017 14:27:17 GMT
Content-Length: 162
Content-Type: application/json


2017-04-24 15:27:17 DEBUG HttpChannelState:294 - HttpChannelState@48606394{s=DISPATCHED a=null i=true r=!P!U w=false} unhandle DISPATCHED
2017-04-24 15:27:17 DEBUG HttpParser:1522 - reset HttpParser{s=END,0 of 0}
2017-04-24 15:27:17 DEBUG HttpParser:1542 - END --> START
2017-04-24 15:27:17 DEBUG HttpChannel:430 - HttpChannelOverHttp@cd3aee2{r=1,c=false,a=IDLE,uri=-} handle exit, result COMPLETE
2017-04-24 15:27:17 DEBUG ChannelEndPoint:150 - filled -1 SelectChannelEndPoint@7577d018{/0:0:0:0:0:0:0:1:50799<->5050,Open,in,out,-,-,5/30000,HttpConnection}{io=0/0,kio=0,kro=1}
2017-04-24 15:27:17 DEBUG ChannelEndPoint:73 - ishut SelectChannelEndPoint@7577d018{/0:0:0:0:0:0:0:1:50799<->5050,Open,in,out,-,-,5/30000,HttpConnection}{io=0/0,kio=0,kro=1}
2017-04-24 15:27:17 DEBUG HttpParser:1504 - atEOF HttpParser{s=START,0 of -1}
2017-04-24 15:27:17 DEBUG HttpConnection:324 - HttpConnection@46e8dbd0<--HeapByteBuffer@27dceb58[p=0,l=0,c=8192,r=0]={<<<>>>HTTP/1.1 200 OK\r\n...\x00\x00\x00\x00\x00\x00\x00\x00\x00\x00\x00\x00\x00\x00\x00} filled -1
2017-04-24 15:27:17 DEBUG HttpConnection:341 - HttpConnection@46e8dbd0<--HeapByteBuffer@27dceb58[p=0,l=0,c=8192,r=0]={<<<>>>HTTP/1.1 200 OK\r\n...\x00\x00\x00\x00\x00\x00\x00\x00\x00\x00\x00\x00\x00\x00\x00} parse HeapByteBuffer@27dceb58[p=0,l=0,c=8192,r=0]={<<<>>>HTTP/1.1 200 OK\r\n...\x00\x00\x00\x00\x00\x00\x00\x00\x00\x00\x00\x00\x00\x00\x00} {}
2017-04-24 15:27:17 DEBUG HttpParser:1163 - parseNext s=START HeapByteBuffer@27dceb58[p=0,l=0,c=8192,r=0]={<<<>>>HTTP/1.1 200 OK\r\n...\x00\x00\x00\x00\x00\x00\x00\x00\x00\x00\x00\x00\x00\x00\x00}
2017-04-24 15:27:17 DEBUG HttpParser:1542 - START --> CLOSED
2017-04-24 15:27:17 DEBUG AbstractEndPoint:114 - onClose SelectChannelEndPoint@7577d018{/0:0:0:0:0:0:0:1:50799<->5050,CLOSED,ISHUT,out,-,-,7/30000,HttpConnection}{io=0/0,kio=0,kro=1}
2017-04-24 15:27:17 DEBUG ChannelEndPoint:123 - close SelectChannelEndPoint@7577d018{/0:0:0:0:0:0:0:1:50799<->5050,CLOSED,ISHUT,out,-,-,7/30000,HttpConnection}{io=0/0,kio=0,kro=1}
2017-04-24 15:27:17 DEBUG ManagedSelector:116 - Queued change org.eclipse.jetty.io.ManagedSelector$2@25eed5fb on org.eclipse.jetty.io.ManagedSelector@53bf7094 id=0 keys=1 selected=0
2017-04-24 15:27:17 DEBUG HttpConnection:346 - HttpConnection@46e8dbd0<--HeapByteBuffer@27dceb58[p=0,l=0,c=8192,r=0]={<<<>>>HTTP/1.1 200 OK\r\n...\x00\x00\x00\x00\x00\x00\x00\x00\x00\x00\x00\x00\x00\x00\x00} parsed false HttpParser{s=CLOSED,0 of -1}
2017-04-24 15:27:17 DEBUG HttpConnection:192 - releaseRequestBuffer HttpConnection@46e8dbd0<--HeapByteBuffer@27dceb58[p=0,l=0,c=8192,r=0]={<<<>>>HTTP/1.1 200 OK\r\n...\x00\x00\x00\x00\x00\x00\x00\x00\x00\x00\x00\x00\x00\x00\x00}
2017-04-24 15:27:17 DEBUG HttpConnection:262 - HttpConnection@46e8dbd0<--null onFillable exit HttpChannelState@48606394{s=IDLE a=null i=true r=!P!U w=false}
2017-04-24 15:27:17 DEBUG ExecuteProduceConsume:193 - EPR Prod/org.eclipse.jetty.io.ManagedSelector$SelectorProducer@2a45d1c3 ran org.eclipse.jetty.io.SelectChannelEndPoint$2@291b000b
2017-04-24 15:27:17 DEBUG ExecuteProduceConsume:206 - EPR Prod/org.eclipse.jetty.io.ManagedSelector$SelectorProducer@2a45d1c3 produce exit
2017-04-24 15:27:17 DEBUG QueuedThreadPool:574 - ran EPR Prod/org.eclipse.jetty.io.ManagedSelector$SelectorProducer@2a45d1c3
2017-04-24 15:27:17 DEBUG ManagedSelector:234 - Selector loop woken up from select, 0/0 selected
2017-04-24 15:27:17 DEBUG ExecuteProduceConsume:143 - EPR Prod/org.eclipse.jetty.io.ManagedSelector$SelectorProducer@2a45d1c3 produced org.eclipse.jetty.io.ManagedSelector$2@25eed5fb
2017-04-24 15:27:17 DEBUG ExecuteProduceConsume:184 - EPR Pend/org.eclipse.jetty.io.ManagedSelector$SelectorProducer@2a45d1c3 dispatch
2017-04-24 15:27:17 DEBUG QueuedThreadPool:373 - queue EPR Pend/org.eclipse.jetty.io.ManagedSelector$SelectorProducer@2a45d1c3
2017-04-24 15:27:17 DEBUG ExecuteProduceConsume:190 - EPR Pend/org.eclipse.jetty.io.ManagedSelector$SelectorProducer@2a45d1c3 run org.eclipse.jetty.io.ManagedSelector$2@25eed5fb
2017-04-24 15:27:17 DEBUG ManagedSelector:430 - Destroyed SelectChannelEndPoint@7577d018{/0:0:0:0:0:0:0:1:50799<->5050,CLOSED,ISHUT,OSHUT,-,-,12/30000,HttpConnection}{io=0/0,kio=-1,kro=-1}
2017-04-24 15:27:17 DEBUG QueuedThreadPool:571 - run EPR Pend/org.eclipse.jetty.io.ManagedSelector$SelectorProducer@2a45d1c3
2017-04-24 15:27:17 DEBUG ExecuteProduceConsume:114 - EPR Pend/org.eclipse.jetty.io.ManagedSelector$SelectorProducer@2a45d1c3 run
2017-04-24 15:27:17 DEBUG ExecuteProduceConsume:132 - EPR Prod/org.eclipse.jetty.io.ManagedSelector$SelectorProducer@2a45d1c3 produce enter
2017-04-24 15:27:17 DEBUG ExecuteProduceConsume:138 - EPR Prod/org.eclipse.jetty.io.ManagedSelector$SelectorProducer@2a45d1c3 producing
2017-04-24 15:27:17 DEBUG ManagedSelector:231 - Selector loop waiting on select
2017-04-24 15:27:17 DEBUG AbstractConnection:179 - onClose HttpConnection@46e8dbd0<--null
2017-04-24 15:27:17 DEBUG AbstractEndPoint:114 - onClose SelectChannelEndPoint@7577d018{/0:0:0:0:0:0:0:1:50799<->5050,CLOSED,ISHUT,OSHUT,-,-,13/30000,HttpConnection}{io=0/0,kio=-1,kro=-1}
2017-04-24 15:27:17 DEBUG ExecuteProduceConsume:193 - EPR Prod/org.eclipse.jetty.io.ManagedSelector$SelectorProducer@2a45d1c3 ran org.eclipse.jetty.io.ManagedSelector$2@25eed5fb
2017-04-24 15:27:17 DEBUG ExecuteProduceConsume:206 - EPR Prod/org.eclipse.jetty.io.ManagedSelector$SelectorProducer@2a45d1c3 produce exit
2017-04-24 15:27:17 DEBUG QueuedThreadPool:574 - ran EPR Prod/org.eclipse.jetty.io.ManagedSelector$SelectorProducer@2a45d1c3
